<?xml version="1.0" encoding="UTF-8"?>
<!-- Generated by org.testng.reporters.JUnitXMLReporter -->
<testsuite ignored="0" hostname="hp" failures="0" tests="3" name="Default test" time="11.513" errors="0" timestamp="2025-07-07T00:33:20 IST">
  <testcase classname="simpleSeleniumTestCases.TC_01_orderSingleProduct" name="verifyHomepage" time="0.117"/>
  <testcase classname="simpleSeleniumTestCases.TC_01_orderSingleProduct" name="searchProduct" time="0.494"/>
  <testcase classname="simpleSeleniumTestCases.TC_01_orderSingleProduct" name="selectProduct" time="7.576"/>
</testsuite> <!-- Default test -->
