<?xml version="1.0" encoding="UTF-8"?>
<!-- Generated by org.testng.reporters.JUnitXMLReporter -->
<testsuite ignored="0" hostname="hp" failures="0" tests="5" name="baseTest" time="21.464" errors="0" timestamp="2025-07-06T18:31:48 IST">
  <testcase classname="simpleSeleniumTestCases.TC_01_orderSingleProduct" name="verifyHomepage" time="2.86"/>
  <testcase classname="simpleSeleniumTestCases.TC_01_orderSingleProduct" name="searchProduct" time="2.28"/>
  <testcase classname="simpleSeleniumTestCases.TC_01_orderSingleProduct" name="selectProduct" time="3.258"/>
  <testcase classname="simpleSeleniumTestCases.TC_02_orderMtplAmznProducts" name="verifyHomepage" time="4.365"/>
  <testcase classname="simpleSeleniumTestCases.TC_02_orderMtplAmznProducts" name="browserProduct" time="4.263"/>
</testsuite> <!-- baseTest -->
