<?xml version="1.0" encoding="UTF-8"?>
<testng-results ignored="0" total="1" passed="1" failed="0" skipped="0">
  <reporter-output>
  </reporter-output>
  <suite started-at="2025-07-12T00:01:09 IST" name="Default suite" finished-at="2025-07-12T00:01:15 IST" duration-ms="6529">
    <groups>
    </groups>
    <test started-at="2025-07-12T00:01:09 IST" name="Default test" finished-at="2025-07-12T00:01:15 IST" duration-ms="6529">
      <class name="sampleAllTexts.sampleClassForAllTestcases">
        <test-method signature="main()[pri:0, instance:sampleAllTexts.sampleClassForAllTestcases@4c371370]" started-at="2025-07-12T00:01:09 IST" name="main" finished-at="2025-07-12T00:01:15 IST" duration-ms="6455" status="PASS">
          <reporter-output>
          </reporter-output>
        </test-method> <!-- main -->
      </class> <!-- sampleAllTexts.sampleClassForAllTestcases -->
    </test> <!-- Default test -->
  </suite> <!-- Default suite -->
</testng-results>
