<?xml version="1.0" encoding="UTF-8"?>
<testng-results ignored="0" total="3" passed="3" failed="0" skipped="0">
  <reporter-output>
  </reporter-output>
  <suite started-at="2025-07-07T01:55:17 IST" name="Default suite" finished-at="2025-07-07T01:55:44 IST" duration-ms="26506">
    <groups>
    </groups>
    <test started-at="2025-07-07T01:55:17 IST" name="Default test" finished-at="2025-07-07T01:55:44 IST" duration-ms="26506">
      <class name="simpleSeleniumTestCases.TC_02_orderMtplAmznProducts">
        <test-method is-config="true" signature="setUp()[pri:0, instance:simpleSeleniumTestCases.TC_02_orderMtplAmznProducts@10683d9d]" started-at="2025-07-07T01:55:17 IST" name="setUp" finished-at="2025-07-07T01:55:21 IST" duration-ms="3638" status="PASS">
          <reporter-output>
          </reporter-output>
        </test-method> <!-- setUp -->
        <test-method signature="verifyHomepage()[pri:1, instance:simpleSeleniumTestCases.TC_02_orderMtplAmznProducts@10683d9d]" started-at="2025-07-07T01:55:21 IST" name="verifyHomepage" description="Homepage Verification." finished-at="2025-07-07T01:55:21 IST" duration-ms="106" status="PASS">
          <reporter-output>
          </reporter-output>
        </test-method> <!-- verifyHomepage -->
        <test-method signature="browserProduct1()[pri:2, instance:simpleSeleniumTestCases.TC_02_orderMtplAmznProducts@10683d9d]" started-at="2025-07-07T01:55:21 IST" name="browserProduct1" description="Searching my product." finished-at="2025-07-07T01:55:29 IST" duration-ms="7920" status="PASS">
          <reporter-output>
          </reporter-output>
        </test-method> <!-- browserProduct1 -->
        <test-method signature="browserProduct2()[pri:2, instance:simpleSeleniumTestCases.TC_02_orderMtplAmznProducts@10683d9d]" started-at="2025-07-07T01:55:29 IST" name="browserProduct2" description="Searching my product." finished-at="2025-07-07T01:55:44 IST" duration-ms="14782" status="PASS">
          <reporter-output>
          </reporter-output>
        </test-method> <!-- browserProduct2 -->
        <test-method is-config="true" signature="tearDown()[pri:0, instance:simpleSeleniumTestCases.TC_02_orderMtplAmznProducts@10683d9d]" started-at="2025-07-07T01:55:44 IST" name="tearDown" finished-at="2025-07-07T01:55:44 IST" duration-ms="1" status="PASS">
          <reporter-output>
          </reporter-output>
        </test-method> <!-- tearDown -->
      </class> <!-- simpleSeleniumTestCases.TC_02_orderMtplAmznProducts -->
    </test> <!-- Default test -->
  </suite> <!-- Default suite -->
</testng-results>
