<?xml version="1.0" encoding="UTF-8"?>
<!-- Generated by org.testng.reporters.JUnitReportReporter -->
<testsuite hostname="hp" failures="0" tests="7" name="profTravel.travelAppTest" time="24.668" errors="0" timestamp="2025-08-19T01:07:25 IST" skipped="0">
  <testcase classname="profTravel.travelAppTest" name="homepageTest" time="0.224"/>
  <testcase classname="profTravel.travelAppTest" name="flightSearch" time="1.188"/>
  <testcase classname="profTravel.travelAppTest" name="HotelBooking" time="3.576"/>
  <testcase classname="profTravel.travelAppTest" name="tourBooking" time="2.694"/>
  <testcase classname="profTravel.travelAppTest" name="carBooking" time="12.795"/>
  <testcase classname="profTravel.travelAppTest" name="finalingVisa" time="1.690"/>
  <testcase classname="profTravel.travelAppTest" name="blogs" time="2.501"/>
</testsuite> <!-- profTravel.travelAppTest -->
