<?xml version="1.0" encoding="UTF-8"?>
<!-- Generated by org.testng.reporters.JUnitReportReporter -->
<testsuite hostname="hp" failures="0" tests="2" name="src.test.java.selenium.allFunctionalities" time="7.255" errors="0" timestamp="2025-08-08T16:30:37 IST" skipped="0">
  <testcase classname="src.test.java.selenium.allFunctionalities" name="functionalities" time="2.847"/>
  <testcase classname="src.test.java.selenium.allFunctionalities" name="AdminSection" time="4.408"/>
</testsuite> <!-- src.test.java.selenium.allFunctionalities -->
