<?xml version="1.0" encoding="UTF-8"?>
<!-- Generated by org.testng.reporters.JUnitReportReporter -->
<testsuite hostname="hp" failures="0" tests="8" name="herokuApp.herokuTests" time="63.425" errors="0" timestamp="2025-08-10T22:17:19 IST" skipped="0">
  <testcase classname="herokuApp.herokuTests" name="checkbox" time="4.463"/>
  <testcase classname="herokuApp.herokuTests" name="dragndrop" time="6.652"/>
  <testcase classname="herokuApp.herokuTests" name="dropDownTest" time="5.525"/>
  <testcase classname="herokuApp.herokuTests" name="MultipleWindows" time="3.919"/>
  <testcase classname="herokuApp.herokuTests" name="nested_frames" time="4.957"/>
  <testcase classname="herokuApp.herokuTests" name="notification_message" time="7.064"/>
  <testcase classname="herokuApp.herokuTests" name="RedirectLink" time="24.656"/>
  <testcase classname="herokuApp.herokuTests" name="ShiftingContent" time="6.189"/>
</testsuite> <!-- herokuApp.herokuTests -->
